十一月 25, 2023 6:38:33 下午 auto.AutoRegisterTest register
信息: 开始执行 测试用例
十一月 25, 2023 6:38:33 下午 auto.AutoRegisterTest register
信息: 执行步骤一:打开网站http://localhost:8080/OnlineShopping/register.jsp
十一月 25, 2023 6:38:34 下午 auto.AutoRegisterTest register
信息: 执行步骤二:填写用户名: autoTest
十一月 25, 2023 6:38:35 下午 auto.AutoRegisterTest register
信息: 执行步骤三:填写密码: 123456
十一月 25, 2023 6:38:35 下午 auto.AutoRegisterTest register
信息: 执行步骤四:填写真实姓名: 王珊
十一月 25, 2023 6:38:36 下午 auto.AutoRegisterTest register
信息: 执行步骤五:填写身份证件: 33030320130721003X
十一月 25, 2023 6:38:36 下午 auto.AutoRegisterTest register
信息: 执行步骤六:勾选性别: 男
十一月 25, 2023 6:38:37 下午 auto.AutoRegisterTest register
信息: 执行步骤七:填写手机号: 13738341144
十一月 25, 2023 6:38:37 下午 auto.AutoRegisterTest register
信息: 执行步骤八:填写邮箱: 123456@qq.com
十一月 25, 2023 6:38:38 下午 auto.AutoRegisterTest register
信息: 执行步骤九:填写出生年月日: 2002-04-04
十一月 25, 2023 6:46:58 下午 auto.AutoRegisterTest register
信息: 执行步骤十:点击注册按钮
十一月 25, 2023 6:46:58 下午 auto.AutoRegisterTest register
信息: 发生错误，错误原因:
no such window: target window already closed
from unknown error: web view not found
  (Session info: MicrosoftEdge=119.0.2151.72)
Build info: version: '3.8.0', revision: '924c4067df', time: '2017-11-30T11:37:19.049Z'
System info: host: 'DESKTOP-TDQOUHJ', ip: '10.234.188.75', os.name: 'Windows 10', os.arch: 'amd64', os.version: '10.0', java.version: '1.8.0_391'
Driver info: org.openqa.selenium.edge.EdgeDriver
Capabilities {acceptInsecureCerts: false, browserName: msedge, browserVersion: 119.0.2151.72, fedcm:accounts: true, javascriptEnabled: true, ms:edgeOptions: {debuggerAddress: localhost:53549}, msedge: {msedgedriverVersion: 119.0.2151.72 (e8225cce8e47..., userDataDir: C:\Users\22675\AppData\Loca...}, networkConnectionEnabled: false, pageLoadStrategy: normal, platform: WINDOWS, platformName: WINDOWS, proxy: Proxy(), setWindowRect: true, strictFileInteractability: false, timeouts: {implicit: 0, pageLoad: 300000, script: 30000}, unhandledPromptBehavior: dismiss and notify, webauthn:extension:credBlob: true, webauthn:extension:largeBlob: true, webauthn:extension:minPinLength: true, webauthn:extension:prf: true, webauthn:virtualAuthenticators: true}
Session ID: d829ef1400e9ea136f66b5c83edbef3e
*** Element info: {Using=xpath, value=/html/body/div/form/div[2]/input}
